2021-05-20 22:37:12,405 [main] ERROR Main - Cannot create PoolableConnectionFactory (Access denied for user 'root'@'localhost' (using password: YES))
2021-05-20 22:37:12,409 [main] WARN  Main - rollback
2021-05-20 22:43:15,487 [main] INFO  Main - Endeavour
2021-05-20 22:44:02,773 [main] INFO  Main - Apollo
2021-05-20 22:44:02,777 [main] DEBUG Main - Transaction has been done
2021-05-23 20:59:40,408 [main] INFO  realizations.dao.impl.BasuraDAO - Executing query:INSERT INTO Garbages(last_orbit, velocity, weight, size) VALUES(?, ?, ?, ?)
2021-05-23 20:59:40,422 [main] INFO  realizations.dao.impl.BasuraDAO - Garbage{lastOrbit='FukangPinwheel', velocity=0.2373673027587353, weight=0.4489627506513866, size=0.7310057479660859}has been added
2021-05-23 20:59:40,423 [main] DEBUG Main - Transaction has been done
2021-05-23 21:06:33,837 [main] DEBUG Main - Transaction has been done
2021-05-23 21:06:55,331 [main] DEBUG Main - Transaction has been done
2021-05-23 21:12:00,659 [main] DEBUG Main - Transaction has been done
2021-05-23 21:30:24,065 [main] INFO  realizations.dao.impl.BasuraDAO - Executing query:INSERT INTO Basura_espacial.Tipo_De_Nave (cod) VALUES(?)
2021-05-23 21:30:24,071 [main] INFO  realizations.dao.impl.BasuraDAO - models.TipoNave@7922d892has been added
2021-05-23 21:30:24,076 [main] DEBUG Main - Transaction has been done
2021-05-23 21:31:34,082 [main] INFO  realizations.dao.impl.BasuraDAO - Executing query:INSERT INTO Basura_espacial.Tipo_De_Nave (cod) VALUES(?)
2021-05-23 21:31:34,088 [main] INFO  realizations.dao.impl.BasuraDAO - models.TipoNave@7922d892has been added
2021-05-23 21:31:34,093 [main] DEBUG Main - Transaction has been done
2021-05-23 21:38:15,348 [main] INFO  realizations.dao.impl.BasuraDAO - Executing query:INSERT INTO Basura_espacial.Tipo_De_Nave (cod) VALUES(?)
2021-05-23 21:38:15,355 [main] INFO  realizations.dao.impl.BasuraDAO - models.TipoNave@7922d892has been added
2021-05-23 21:38:15,360 [main] DEBUG Main - Transaction has been done
2021-05-23 21:38:15,365 [main] INFO  realizations.dao.impl.BasuraDAO - Executing query:INSERT INTO Basura_espacial.Tipo_De_Nave (cod) VALUES(?)
2021-05-23 21:38:15,366 [main] INFO  realizations.dao.impl.BasuraDAO - models.TipoNave@432038echas been added
2021-05-23 21:38:15,366 [main] DEBUG Main - Transaction has been done
2021-05-23 21:38:15,371 [main] INFO  realizations.dao.impl.BasuraDAO - Executing query:INSERT INTO Basura_espacial.Tipo_De_Nave (cod) VALUES(?)
2021-05-23 21:38:15,371 [main] INFO  realizations.dao.impl.BasuraDAO - models.TipoNave@42530531has been added
2021-05-23 21:38:15,372 [main] DEBUG Main - Transaction has been done
2021-05-23 21:38:15,378 [main] INFO  realizations.dao.impl.BasuraDAO - Executing query:INSERT INTO Basura_espacial.Tipo_De_Nave (cod) VALUES(?)
2021-05-23 21:38:15,379 [main] INFO  realizations.dao.impl.BasuraDAO - models.TipoNave@181e731ehas been added
2021-05-23 21:38:15,379 [main] DEBUG Main - Transaction has been done
2021-05-23 21:38:15,385 [main] INFO  realizations.dao.impl.BasuraDAO - Executing query:INSERT INTO Basura_espacial.Tipo_De_Nave (cod) VALUES(?)
2021-05-23 21:38:15,385 [main] INFO  realizations.dao.impl.BasuraDAO - models.TipoNave@6f44a157has been added
2021-05-23 21:38:15,387 [main] DEBUG Main - Transaction has been done
2021-05-23 21:38:15,392 [main] INFO  realizations.dao.impl.BasuraDAO - Executing query:INSERT INTO Basura_espacial.Tipo_De_Nave (cod) VALUES(?)
2021-05-23 21:38:15,392 [main] INFO  realizations.dao.impl.BasuraDAO - models.TipoNave@291f18has been added
2021-05-23 21:38:15,393 [main] DEBUG Main - Transaction has been done
2021-05-23 21:38:15,397 [main] INFO  realizations.dao.impl.BasuraDAO - Executing query:INSERT INTO Basura_espacial.Tipo_De_Nave (cod) VALUES(?)
2021-05-23 21:38:15,398 [main] INFO  realizations.dao.impl.BasuraDAO - models.TipoNave@5ddcc487has been added
2021-05-23 21:38:15,398 [main] DEBUG Main - Transaction has been done
2021-05-23 21:38:15,403 [main] INFO  realizations.dao.impl.BasuraDAO - Executing query:INSERT INTO Basura_espacial.Tipo_De_Nave (cod) VALUES(?)
2021-05-23 21:38:15,403 [main] INFO  realizations.dao.impl.BasuraDAO - models.TipoNave@5ef5c734has been added
2021-05-23 21:38:15,404 [main] DEBUG Main - Transaction has been done
2021-05-23 21:38:15,410 [main] INFO  realizations.dao.impl.BasuraDAO - Executing query:INSERT INTO Basura_espacial.Tipo_De_Nave (cod) VALUES(?)
2021-05-23 21:38:15,410 [main] INFO  realizations.dao.impl.BasuraDAO - models.TipoNave@36b4091chas been added
2021-05-23 21:38:15,411 [main] DEBUG Main - Transaction has been done
2021-05-23 21:38:15,415 [main] INFO  realizations.dao.impl.BasuraDAO - Executing query:INSERT INTO Basura_espacial.Tipo_De_Nave (cod) VALUES(?)
2021-05-23 21:38:15,415 [main] INFO  realizations.dao.impl.BasuraDAO - models.TipoNave@36cda2c2has been added
2021-05-23 21:38:15,416 [main] DEBUG Main - Transaction has been done
